<?xml version="1.0" encoding="UTF-8"?>
<!-- Generated by org.testng.reporters.JUnitXMLReporter -->
<testsuite hostname="Sammy" name="Internet Test" tests="1" failures="0" timestamp="16 Dec 2016 19:30:52 GMT" time="1.346" errors="0">
  <testcase name="@BeforeTest crossbrowser" time="0.0" classname="demo.crossbrowser">
    <failure type="org.openqa.selenium.WebDriverException" message="Unknown error
Command duration or timeout: 512 milliseconds
Build info: version: &amp;apos;2.53.1&amp;apos;, revision: &amp;apos;a36b8b1&amp;apos;, time: &amp;apos;2016-06-30 17:32:46&amp;apos;
System info: host: &amp;apos;Sammy&amp;apos;, ip: &amp;apos;10.0.0.9&amp;apos;, os.name: &amp;apos;Windows 10&amp;apos;, os.arch: &amp;apos;amd64&amp;apos;, os.version: &amp;apos;10.0&amp;apos;, java.version: &amp;apos;1.8.0_111&amp;apos;
Driver info: org.openqa.selenium.edge.EdgeDriver">
      <![CDATA[org.openqa.selenium.WebDriverException: Unknown error
Command duration or timeout: 512 milliseconds
Build info: version: '2.53.1', revision: 'a36b8b1', time: '2016-06-30 17:32:46'
System info: host: 'Sammy', ip: '10.0.0.9', os.name: 'Windows 10', os.arch: 'amd64', os.version: '10.0', java.version: '1.8.0_111'
Driver info: org.openqa.selenium.edge.EdgeDriver
	at org.openqa.selenium.remote.ErrorHandler.createThrowable(ErrorHandler.java:206)
	at org.openqa.selenium.remote.ErrorHandler.throwIfResponseFailed(ErrorHandler.java:158)
	at org.openqa.selenium.remote.RemoteWebDriver.execute(RemoteWebDriver.java:678)
	at org.openqa.selenium.remote.RemoteWebDriver.startSession(RemoteWebDriver.java:249)
	at org.openqa.selenium.remote.RemoteWebDriver.<init>(RemoteWebDriver.java:131)
	at org.openqa.selenium.remote.RemoteWebDriver.<init>(RemoteWebDriver.java:144)
	at org.openqa.selenium.edge.EdgeDriver.<init>(EdgeDriver.java:152)
	at org.openqa.selenium.edge.EdgeDriver.<init>(EdgeDriver.java:141)
	at org.openqa.selenium.edge.EdgeDriver.<init>(EdgeDriver.java:98)
	at demo.crossbrowser.crossbrowser(crossbrowser.java:30)
... Removed 26 stack frames]]>
    </failure>
  </testcase> <!-- @BeforeTest crossbrowser -->
  <testcase name="@AfterTest close" time="0.0" classname="demo.crossbrowser">
    <skipped/>
  </testcase> <!-- @AfterTest close -->
  <testcase name="verifytitle" time="0.001" classname="demo.crossbrowser">
    <skipped/>
  </testcase> <!-- verifytitle -->
</testsuite> <!-- Internet Test -->
